"../../../CardShop/Content/Blueprints/Gameplay/GameplayGMM.uasset" 0
"../../../CardShop/Content/UI/AllLevels/ChatText.uasset" 1
"../../../CardShop/Content/UI/AllLevels/ChatWindow.uasset" 2
"../../../CardShop/Content/UI/AllLevels/GameplayChat.uasset" 3
"../../../CardShop/Content/UI/Lobby/CharacterSelect.uasset" 4
"../../../CardShop/Content/UI/Lobby/ConnectedPlayer.uasset" 5
"../../../CardShop/Content/UI/Lobby/GameSettings.uasset" 6
"../../../CardShop/Content/UI/Lobby/LobbyMenu.uasset" 7
"../../../CardShop/Content/UI/Lobby/PlayerButton.uasset" 8
"../../../CardShop/Content/UI/MainMenu/ErrorDialog.uasset" 9
"../../../Engine/Content/Functions/Engine_MaterialFunctions01/Opacity/CameraDepthFade.uasset" 10
"../../../Engine/Content/EngineMaterials/T_Default_Material_Grid_M.uasset" 11
"../../../Engine/Content/EngineMaterials/T_Default_Material_Grid_N.uasset" 12
"../../../Engine/Content/EngineMaterials/DefaultMaterial.uasset" 13
"../../../Engine/Content/BasicShapes/Cone.uasset" 14
"../../../Engine/Content/EngineMaterials/WorldGridMaterial.uasset" 15
"../../../Engine/Content/BasicShapes/Cube.uasset" 16
"../../../Engine/Content/EditorLandscapeResources/DataLayer.uasset" 17
"../../../Engine/Content/EditorMaterials/GizmoMaterial.uasset" 18
"../../../Engine/Content/EditorMaterials/MAT_Groups_Toggle.uasset" 19
"../../../Engine/Content/EditorMaterials/MAT_Groups_Visibility.uasset" 20
"../../../Engine/Content/EditorMaterials/PreviewShadowIndicator.uasset" 21
"../../../Engine/Content/EditorMaterials/PreviewShadowIndicatorMaterial.uasset" 22
"../../../Engine/Content/EditorMaterials/AssetViewer/EpicQuadPanorama_CC+EV1.uasset" 23
"../../../Engine/Content/EditorMaterials/MatineeGroups/MAT_ColorTrack.uasset" 24
"../../../Engine/Content/EditorMaterials/MatineeGroups/MAT_Groups_Anim.uasset" 25
"../../../Engine/Content/EditorMaterials/MatineeGroups/MAT_Groups_AudioMaster.uasset" 26
"../../../Engine/Content/EditorMaterials/MatineeGroups/MAT_Groups_Director.uasset" 27
"../../../Engine/Content/EditorMaterials/MatineeGroups/MAT_Groups_Event.uasset" 28
"../../../Engine/Content/EditorMaterials/MatineeGroups/MAT_Groups_Fade.uasset" 29
"../../../Engine/Content/EditorMaterials/MatineeGroups/MAT_Groups_Float.uasset" 30
"../../../Engine/Content/EditorMaterials/MatineeGroups/MAT_Groups_Move.uasset" 31
"../../../Engine/Content/EditorMaterials/MatineeGroups/MAT_Groups_Slomo.uasset" 32
"../../../Engine/Content/EditorMaterials/MatineeGroups/MAT_Groups_Sound.uasset" 33
"../../../Engine/Content/EditorMaterials/MatineeGroups/MAT_Groups_Vector.uasset" 34
"../../../Engine/Content/EditorMaterials/ParticleSystems/PSysThumbnail_NoImage.uasset" 35
"../../../Engine/Content/EditorMaterials/ParticleSystems/PSysThumbnail_OOD.uasset" 36
"../../../Engine/Content/EditorMaterials/Camera/CineMat.uasset" 37
"../../../Engine/Content/EditorMaterials/Camera/MI_CineMat_Rig.uasset" 38
"../../../Engine/Content/EditorMeshes/Camera/SM_CraneRig_Arm.uasset" 39
"../../../Engine/Content/EditorMeshes/Camera/SM_CraneRig_Base.uasset" 40
"../../../Engine/Content/EditorMeshes/Camera/SM_CraneRig_Body.uasset" 41
"../../../Engine/Content/EditorMeshes/Camera/SM_CraneRig_Mount.uasset" 42
"../../../Engine/Content/EditorMeshes/Camera/SM_RailRig_Mount.uasset" 43
"../../../Engine/Content/EditorMeshes/Camera/SM_RailRig_Track.uasset" 44
"../../../Engine/Content/EditorMeshes/ColorCalibrator/M_ChromeBall.uasset" 45
"../../../Engine/Content/EditorMeshes/ColorCalibrator/M_ClearCoat.uasset" 46
"../../../Engine/Content/EditorMeshes/ColorCalibrator/M_ClearCoatBlack.uasset" 47
"../../../Engine/Content/EditorMeshes/ColorCalibrator/T_ColorGrid.uasset" 48
"../../../Engine/Content/EditorMeshes/ColorCalibrator/M_ColorGrid.uasset" 49
"../../../Engine/Content/EditorMeshes/ColorCalibrator/M_GreyBall.uasset" 50
"../../../Engine/Content/EditorMeshes/ColorCalibrator/SM_ColorCalibrator.uasset" 51
"../../../Engine/Content/EditorResources/BSPVertex.uasset" 52
"../../../Engine/Content/EditorResources/EmptyActor.uasset" 53
"../../../Engine/Content/EditorResources/S_Actor.uasset" 54
"../../../Engine/Content/EditorResources/S_Trigger.uasset" 55
"../../../Engine/Content/EditorResources/LightIcons/S_LightError.uasset" 56
"../../../Engine/Content/EditorResources/SequenceRecorder/Countdown.uasset" 57
"../../../Engine/Content/EditorResources/SequenceRecorder/RecordingIndicator.uasset" 58
"../../../Engine/Content/EditorSounds/Notifications/CompileFailed.uasset" 59
"../../../Engine/Content/EditorSounds/Notifications/CompileFailed_Cue.uasset" 60
"../../../Engine/Content/EditorSounds/Notifications/CompileSuccess.uasset" 61
"../../../Engine/Content/EditorSounds/Notifications/CompileStart_Cue.uasset" 62
"../../../Engine/Content/EditorSounds/Notifications/CompileSuccess_Cue.uasset" 63
"../../../Engine/Content/EngineDamageTypes/DmgTypeBP_Environmental.uasset" 64
"../../../Engine/Content/EngineDebugMaterials/HeatmapGradient.uasset" 65
"../../../Engine/Content/EngineDebugMaterials/BoneWeightMaterial.uasset" 66
"../../../Engine/Content/EngineDebugMaterials/ClothMaterial.uasset" 67
"../../../Engine/Content/EngineDebugMaterials/DebugMeshMaterial.uasset" 68
"../../../Engine/Content/EngineDebugMaterials/GeomMaterial.uasset" 69
"../../../Engine/Content/EngineFonts/Faces/RobotoBold.uasset" 70
"../../../Engine/Content/EngineFonts/Faces/RobotoBoldItalic.uasset" 71
"../../../Engine/Content/EngineFonts/Faces/RobotoItalic.uasset" 72
"../../../Engine/Content/EngineFonts/Faces/RobotoLight.uasset" 73
"../../../Engine/Content/EngineFonts/Faces/RobotoRegular.uasset" 74
"../../../Engine/Content/EngineFonts/Roboto.uasset" 75
"../../../Engine/Content/EngineFonts/Faces/RobotoTiny.uasset" 76
"../../../Engine/Content/EngineFonts/RobotoTiny.uasset" 77
"../../../Engine/Content/EngineMaterials/DefaultBloomKernel.uasset" 78
"../../../Engine/Content/EngineMaterials/DefaultBokeh.uasset" 79
"../../../Engine/Content/EngineMaterials/DefaultDiffuse.uasset" 80
"../../../Engine/Content/EngineMaterials/DefaultDeferredDecalMaterial.uasset" 81
"../../../Engine/Content/EngineMaterials/DefaultLightFunctionMaterial.uasset" 82
"../../../Engine/Content/EngineMaterials/DefaultPhysicalMaterial.uasset" 83
"../../../Engine/Content/Functions/Engine_MaterialFunctions02/Utility/BreakOutFloat2Components.uasset" 84
"../../../Engine/Content/EngineMaterials/DefaultPostProcessMaterial.uasset" 85
"../../../Engine/Content/EngineFonts/RobotoDistanceField.uasset" 86
"../../../Engine/Content/EngineMaterials/DefaultTextMaterialOpaque.uasset" 87
"../../../Engine/Content/EngineMaterials/DefaultWhiteGrid.uasset" 88
"../../../Engine/Content/EngineMaterials/EditorBrushMaterial.uasset" 89
"../../../Engine/Content/EngineMaterials/MiniFont.uasset" 90
"../../../Engine/Content/EngineMaterials/InvalidLightmapSettings.uasset" 91
"../../../Engine/Content/EngineMaterials/M_InvalidLightmapSettings.uasset" 92
"../../../Engine/Content/EngineMaterials/PhAT_JointLimitMaterial.uasset" 93
"../../../Engine/Content/EngineMaterials/PreintegratedSkinBRDF.uasset" 94
"../../../Engine/Content/EngineMaterials/RemoveSurfaceMaterial.uasset" 95
"../../../Engine/Content/EngineMaterials/WeightMapPlaceholderTexture.uasset" 96
"../../../Engine/Content/EngineResources/WhiteSquareTexture.uasset" 97
"../../../Engine/Content/EngineMaterials/Widget3DPassThrough.uasset" 98
"../../../Engine/Content/EngineMaterials/Widget3DPassThrough_Masked.uasset" 99
"../../../Engine/Content/EngineMaterials/Widget3DPassThrough_Opaque.uasset" 100
"../../../Engine/Content/EngineMaterials/Widget3DPassThrough_Masked_OneSided.uasset" 101
"../../../Engine/Content/EngineMaterials/Widget3DPassThrough_Opaque_OneSided.uasset" 102
"../../../Engine/Content/EngineMaterials/Widget3DPassThrough_Translucent.uasset" 103
"../../../Engine/Content/EngineMaterials/Widget3DPassThrough_Translucent_OneSided.uasset" 104
"../../../Engine/Content/EngineMeshes/Cube.uasset" 105
"../../../Engine/Content/EngineMeshes/Cylinder.uasset" 106
"../../../Engine/Content/EngineMeshes/Sphere.uasset" 107
"../../../Engine/Content/EngineResources/Black.uasset" 108
"../../../Engine/Content/EngineResources/DefaultTexture.uasset" 109
"../../../Engine/Content/EngineResources/DefaultTextureCube.uasset" 110
"../../../Engine/Content/EngineResources/GradientTexture0.uasset" 111
"../../../Engine/Content/EngineSounds/Master.uasset" 112
"../../../Engine/Content/Functions/Engine_MaterialFunctions01/Shading/ConvertFromDiffSpec.uasset" 113
"../../../Engine/Content/Functions/Engine_MaterialFunctions01/Shading/PowerToRoughness.uasset" 114
"../../../Engine/Content/Maps/Templates/Thumbnails/Default.uasset" 115
"../../../Engine/Content/Maps/Templates/Thumbnails/VR-Basic.uasset" 116
"../../../Engine/Content/MobileResources/T_MobileControls_texture.uasset" 117
"../../../Engine/Content/MobileResources/T_MobileMenu2.uasset" 118
"../../../Engine/Content/MobileResources/HUD/AnalogHat.uasset" 119
"../../../Engine/Content/MobileResources/HUD/VirtualJoystick_Background.uasset" 120
"../../../Engine/Content/MobileResources/HUD/VirtualJoystick_Thumb.uasset" 121
"../../../Engine/Content/MobileResources/HUD/DefaultVirtualJoysticks.uasset" 122
"../../../Engine/Content/MobileResources/HUD/LeftVirtualJoystickOnly.uasset" 123
"../../../Engine/Content/MobileResources/HUD/MobileHUDButton1_off.uasset" 124
"../../../Engine/Content/MobileResources/HUD/MobileHUDButton1_on.uasset" 125
"../../../Engine/Content/MobileResources/HUD/MobileHUDButton2_off.uasset" 126
"../../../Engine/Content/MobileResources/HUD/MobileHUDButton2_on.uasset" 127
"../../../Engine/Content/MobileResources/HUD/MobileHUDButton3.uasset" 128
"../../../Engine/Content/MobileResources/HUD/MobileHUDButtonFire.uasset" 129
"../../../Engine/Content/MobileResources/HUD/MobileHUDDirectionPad.uasset" 130
"../../../Engine/Content/MobileResources/HUD/MobileHUDDirectionPad2.uasset" 131
"../../../Engine/Content/MobileResources/HUD/MobileHUDDirectionPad3.uasset" 132
"../../../Engine/Content/MobileResources/HUD/MobileHUDDirectionStick.uasset" 133
"../../../Engine/Content/MobileResources/HUD/T_Castle_ThumbstickInner.uasset" 134
"../../../Engine/Content/MobileResources/HUD/T_Castle_ThumbstickOutter.uasset" 135
"../../../Engine/Content/Tutorial/ContentIntroCurve.uasset" 136
"../../../Engine/Content/Tutorial/Basics/TutorialAssets/icon_tab_Levels_40x.uasset" 137
"../../../Engine/Content/Tutorial/BlueprintTutorials/TutorialAssets/BlueprintInterface_64x.uasset" 138
"../../../Engine/Content/Tutorial/BlueprintTutorials/TutorialAssets/BlueprintMacroLibrary_64x.uasset" 139
"../../../Engine/Content/Tutorial/BlueprintTutorials/TutorialAssets/Blueprint_64x.uasset" 140
"../../../Engine/Content/Tutorial/BlueprintTutorials/TutorialAssets/Tutorial_BP_Interface.uasset" 141
"../../../Engine/Content/Tutorial/Foliage/TutorialAssets/Foliage.uasset" 142
"../../../Engine/Content/Tutorial/Landscape/TutorialAssets/Landscape.uasset" 143
"../../../Engine/Content/Tutorial/Paper2D/TutorialAssets/Paper2DFlipbook_TutorialIcon.uasset" 144
"../../../Engine/Content/Tutorial/Paper2D/TutorialAssets/Paper2DSprite_TutorialIcon.uasset" 145
"../../../Engine/Content/Tutorial/SubEditors/TutorialAssets/icon_Editor_Preferences_General_40x.uasset" 146
"../../../Engine/Content/Tutorial/SubEditors/TutorialAssets/icon_ShowSkeletalMeshes_40x.uasset" 147
"../../../Engine/Content/Tutorial/SubEditors/TutorialAssets/TutorialMaterial.uasset" 148
"../../../Engine/Content/Tutorial/SubEditors/TutorialAssets/T_SmokeSubUV_8X8.uasset" 149
"../../../Engine/Content/Tutorial/SubEditors/TutorialAssets/T_soft_smoke.uasset" 150
"../../../Engine/Content/Tutorial/SubEditors/TutorialAssets/M_smoke_subUV_blackbody.uasset" 151
"../../../Engine/Content/Tutorial/SubEditors/TutorialAssets/TutorialParticleSystem.uasset" 152
"../../../Engine/Content/EditorMeshes/EditorCube.uasset" 153
"../../../Engine/Content/Tutorial/SubEditors/TutorialAssets/Tutorial_DM.uasset" 154
"../../../Engine/Content/VREditor/Devices/Generic/GenericHMDMaterial.uasset" 155
"../../../Engine/Content/VREditor/Devices/Generic/GenericHMD.uasset" 156
"../../../Engine/Content/VREditor/FloatingText/LineMaterial.uasset" 157
"../../../Engine/Content/VREditor/FloatingText/JointSphere.uasset" 158
"../../../Engine/Content/VREditor/FloatingText/LineSegmentCylinder.uasset" 159
"../../../Engine/Content/VREditor/Fonts/VRText_RobotoLarge.uasset" 160
"../../../Engine/Content/VREditor/Fonts/VRTextMaterial.uasset" 161
"../../../Engine/Content/VREditor/Fonts/TranslucentVRTextMaterial.uasset" 162
"../../../Engine/Content/VREditor/LaserPointer/VR_LaserPower_01.uasset" 163
"../../../Engine/Content/VREditor/TransformGizmo/TransformGizmoMaterial.uasset" 164
"../../../Engine/Content/VREditor/LaserPointer/HoverMaterial.uasset" 165
"../../../Engine/Content/VREditor/TransformGizmo/TranslucentTransformGizmoMaterial.uasset" 166
"../../../Engine/Content/VREditor/LaserPointer/TranslucentHoverMaterial.uasset" 167
"../../../Engine/Content/VREditor/LaserPointer/HoverMesh.uasset" 168
"../../../Engine/Content/VREditor/LaserPointer/LaserPointerMaterial.uasset" 169
"../../../Engine/Content/VREditor/LaserPointer/LaserPointerMaterialInst.uasset" 170
"../../../Engine/Content/VREditor/LaserPointer/TranslucentLaserPointerMaterialInst.uasset" 171
"../../../Engine/Content/VREditor/LaserPointer/LaserPointerMesh.uasset" 172
"../../../Engine/Content/VREditor/LaserPointer/LaserPointerMesh_End.uasset" 173
"../../../Engine/Content/VREditor/LaserPointer/LaserPointerMesh_Start.uasset" 174
"../../../Engine/Content/Functions/Engine_MaterialFunctions02/Utility/BreakOutFloat3Components.uasset" 175
"../../../Engine/Content/Functions/Engine_MaterialFunctions02/Math/Transform3x3Matrix.uasset" 176
"../../../Engine/Content/Functions/Engine_MaterialFunctions02/SplitComponents.uasset" 177
"../../../Engine/Content/Functions/Engine_MaterialFunctions02/Utility/MakeFloat3.uasset" 178
"../../../Engine/Content/VREditor/SnapGrid/SnapGridMaterial.uasset" 179
"../../../Engine/Content/VREditor/SnapGrid/SnapGridPlaneMesh.uasset" 180
"../../../Engine/Content/VREditor/Sounds/VR_teleport_Cue.uasset" 181
"../../../Engine/Content/VREditor/Sounds/UI/Click_on_Button_Cue.uasset" 182
"../../../Engine/Content/VREditor/Sounds/UI/Dockable_Window_Close.uasset" 183
"../../../Engine/Content/VREditor/Sounds/UI/Dockable_Window_Drop.uasset" 184
"../../../Engine/Content/VREditor/Sounds/UI/Dockable_Window_Open.uasset" 185
"../../../Engine/Content/VREditor/Sounds/UI/Dockable_Window_Pick_Up.uasset" 186
"../../../Engine/Content/VREditor/Sounds/UI/Drop_Item_From_ContentBrowser.uasset" 187
"../../../Engine/Content/VREditor/Sounds/UI/Floating_UI_Open-001.uasset" 188
"../../../Engine/Content/VREditor/Sounds/UI/Gizmo_Handle_Clicked.uasset" 189
"../../../Engine/Content/VREditor/Sounds/UI/Object_PickUp.uasset" 190
"../../../Engine/Content/VREditor/Sounds/UI/Object_Snaps_To_Another_Actor.uasset" 191
"../../../Engine/Content/VREditor/Sounds/UI/Object_Snaps_To_Grid.uasset" 192
"../../../Engine/Content/VREditor/Sounds/UI/Radial_Menu_FadeOut.uasset" 193
"../../../Engine/Content/VREditor/Sounds/UI/Scaling_Down.uasset" 194
"../../../Engine/Content/VREditor/Sounds/UI/Scaling_Up.uasset" 195
"../../../Engine/Content/VREditor/Sounds/UI/Selection_Changes.uasset" 196
"../../../Engine/Content/VREditor/Sounds/UI/Teleport_Mode_Entered.uasset" 197
"../../../Engine/Content/VREditor/Teleport/TeleportDirectionMaterial.uasset" 198
"../../../Engine/Content/VREditor/Teleport/TeleportDirectionMaterial_Inst.uasset" 199
"../../../Engine/Content/VREditor/Teleport/TeleportDirectionMesh.uasset" 200
"../../../Engine/Content/VREditor/TransformGizmo/BoundingBoxCorner.uasset" 201
"../../../Engine/Content/VREditor/TransformGizmo/BoundingBoxEdge.uasset" 202
"../../../Engine/Content/VREditor/TransformGizmo/PlaneTranslationHandle.uasset" 203
"../../../Engine/Content/VREditor/TransformGizmo/RotationHandle.uasset" 204
"../../../Engine/Content/VREditor/TransformGizmo/RotationHandleFull.uasset" 205
"../../../Engine/Content/VREditor/TransformGizmo/RotationHandleIndicator.uasset" 206
"../../../Engine/Content/VREditor/TransformGizmo/RotationHandleQuarter.uasset" 207
"../../../Engine/Content/VREditor/TransformGizmo/Main.uasset" 208
"../../../Engine/Content/VREditor/TransformGizmo/Xray.uasset" 209
"../../../Engine/Content/VREditor/TransformGizmo/SM_Dialog_Close.uasset" 210
"../../../Engine/Content/VREditor/TransformGizmo/SM_Dialog_Move.uasset" 211
"../../../Engine/Content/VREditor/TransformGizmo/SM_Sequencer_Key.uasset" 212
"../../../Engine/Content/VREditor/TransformGizmo/StartRotationHandleIndicator.uasset" 213
"../../../Engine/Content/VREditor/TransformGizmo/TransformGizmoMaterial_Inst.uasset" 214
"../../../Engine/Content/VREditor/TransformGizmo/TranslateArrowHandle.uasset" 215
"../../../Engine/Content/VREditor/TransformGizmo/TranslationHandle.uasset" 216
"../../../Engine/Content/VREditor/TransformGizmo/TranslucentTransformGizmoMaterial_Inst.uasset" 217
"../../../Engine/Content/VREditor/TransformGizmo/UniformScaleHandle.uasset" 218
"../../../Engine/Content/VREditor/UI/KeyDiskMaterial.uasset" 219
"../../../Engine/Content/VREditor/UI/DiscMaterial.uasset" 220
"../../../Engine/Content/VREditor/UI/SM_Radial_Disk.uasset" 221
"../../../Engine/Content/Functions/Engine_MaterialFunctions01/Gradient/RadialGradient.uasset" 222
"../../../Engine/Content/VREditor/WorldMovementGrid/SimpleGrid.uasset" 223
"../../../Engine/Content/VREditor/WorldMovementGrid/GridMaterial.uasset" 224
"../../../Engine/Content/Functions/Engine_MaterialFunctions01/Density/ExponentialDensity.uasset" 225
"../../../Engine/Content/VREditor/WorldMovementGrid/GridPostProcess.uasset" 226
"../../../Engine/Content/EditorLandscapeResources/FlattenHeightMat.uasset" 227
"../../../Engine/Content/VREditor/WorldMovementGrid/PlaneMesh.uasset" 228
"../../../Engine/Plugins/2D/Paper2D/Content/DummySprite.uasset" 229
"../../../Engine/Plugins/2D/Paper2D/Content/DefaultPaperTerrainMaterial.uasset" 230
"../../../Engine/Plugins/2D/Paper2D/Content/DefaultSpriteMaterial.uasset" 231
"../../../Engine/Plugins/2D/Paper2D/Content/MaskedUnlitSpriteMaterial.uasset" 232
"../../../Engine/Plugins/2D/Paper2D/Content/OpaqueUnlitSpriteMaterial.uasset" 233
"../../../Engine/Plugins/2D/Paper2D/Content/PlaceholderTextures/DummySpriteTexture.uasset" 234
"../../../Engine/Plugins/Runtime/GearVR/Content/Textures/GearVRController_AO.uasset" 235
"../../../Engine/Plugins/Runtime/GearVR/Content/Textures/GearVRController_Color.uasset" 236
"../../../Engine/Plugins/Runtime/GearVR/Content/Textures/GearVRController_Normal.uasset" 237
"../../../Engine/Plugins/Runtime/GearVR/Content/Materials/GearVRControllerMaterial.uasset" 238
"../../../Engine/Plugins/Runtime/GearVR/Content/Meshes/GearVrController.uasset" 239
"../../../Engine/Content/EditorBlueprintResources/StandardMacros.uasset" 240
"../../../Engine/Content/EngineSky/C_Sky_Cloud_Color.uasset" 241
"../../../Engine/Content/EngineSky/C_Sky_Horizon_Color.uasset" 242
"../../../Engine/Content/EngineSky/C_Sky_Zenith_Color.uasset" 243
"../../../Engine/Content/EngineSky/T_Sky_Blue.uasset" 244
"../../../Engine/Content/EngineSky/T_Sky_Clouds_M.uasset" 245
"../../../Engine/Content/EngineSky/T_Sky_Stars.uasset" 246
"../../../Engine/Content/EngineSky/M_Sky_Panning_Clouds2.uasset" 247
"../../../Engine/Content/EngineSky/SM_SkySphere.uasset" 248
"../../../Engine/Content/EngineSky/BP_Sky_Sphere.uasset" 249
"../../../Engine/Content/EngineMeshes/Humanoid.uasset" 250
"../../../CardShop/Content/InfinityBladeWarriors/Character/CompleteCharacters/SK_Mannequin_Skeleton.uasset" 251
"../../../CardShop/Content/InfinityBladeWarriors/Animations/ThirdPerson_Jump.uasset" 252
"../../../CardShop/Content/InfinityBladeWarriors/Animations/ThirdPersonJump_Loop.uasset" 253
"../../../CardShop/Content/InfinityBladeWarriors/Animations/ThirdPersonJump_Start.uasset" 254
"../../../CardShop/Content/InfinityBladeWarriors/Animations/ThirdPersonIdle.uasset" 255
"../../../CardShop/Content/InfinityBladeWarriors/Animations/ThirdPersonRun.uasset" 256
"../../../CardShop/Content/InfinityBladeWarriors/Animations/ThirdPersonWalk.uasset" 257
"../../../CardShop/Content/InfinityBladeWarriors/Animations/ThirdPerson_IdleRun_2D.uasset" 258
"../../../CardShop/Content/InfinityBladeWarriors/Animations/0Base_AnimBP.uasset" 259
"../../../CardShop/Content/InfinityBladeWarriors/Character/CompleteCharacters/Textures_Materials/CharM_Base/T_CharM_Base_D.uasset" 260
"../../../CardShop/Content/InfinityBladeWarriors/Character/CompleteCharacters/Textures_Materials/CharM_Base/T_CharM_Base_M.uasset" 261
"../../../CardShop/Content/InfinityBladeWarriors/Character/CompleteCharacters/Textures_Materials/CharM_Base/T_CharM_Base_N.uasset" 262
"../../../CardShop/Content/InfinityBladeWarriors/Character/CompleteCharacters/Textures_Materials/CharM_Base/M_CharM_Base.uasset" 263
"../../../CardShop/Content/InfinityBladeWarriors/Character/CompleteCharacters/sk_CharM_Base.uasset" 264
"../../../CardShop/Content/Blueprints/Characters/0_Base.uasset" 265
"../../../CardShop/Content/InfinityBladeWarriors/Character/CompleteCharacters/Textures_Materials/CharM_Warrior/T_CharM_Warrior_JewelMask.uasset" 266
"../../../CardShop/Content/InfinityBladeWarriors/Character/CompleteCharacters/Textures_Materials/CharM_Warrior/T_CharM_Warrior_N.uasset" 267
"../../../CardShop/Content/InfinityBladeWarriors/Character/CompleteCharacters/Textures_Materials/CharM_Warrior/T_CharM_WarriorB_D.uasset" 268
"../../../CardShop/Content/InfinityBladeWarriors/Character/CompleteCharacters/Textures_Materials/CharM_Warrior/T_CharM_WarriorB_Mask.uasset" 269
"../../../CardShop/Content/InfinityBladeWarriors/Character/CompleteCharacters/Textures_Materials/CharM_Warrior/M_Char_Warrior_B.uasset" 270
"../../../CardShop/Content/InfinityBladeWarriors/Character/CompleteCharacters/SK_CharM_Warrior.uasset" 271
"../../../CardShop/Content/Blueprints/Characters/Barberous.uasset" 272
"../../../CardShop/Content/Blueprints/AllLevels/PlayerInfo.uasset" 273
"../../../CardShop/Content/Blueprints/AllLevels/PlayerSaveGame.uasset" 274
"../../../CardShop/Content/Blueprints/Lobby/LobbyPC.uasset" 275
"../../../CardShop/Content/VirtualReality/Mannequin/Character/Mesh/MannequinHand_Right_Skeleton.uasset" 276
"../../../CardShop/Content/VirtualReality/Mannequin/Animations/MannequinHand_Right_CanGrab.uasset" 277
"../../../CardShop/Content/VirtualReality/Mannequin/Animations/MannequinHand_Right_Grab.uasset" 278
"../../../CardShop/Content/VirtualReality/Mannequin/Animations/MannequinHand_Right_Open.uasset" 279
"../../../CardShop/Content/VirtualReality/Mannequin/Animations/RightGrip_BS.uasset" 280
"../../../CardShop/Content/VirtualRealityBP/Blueprints/GripEnum.uasset" 281
"../../../CardShop/Content/VirtualReality/Mannequin/Animations/RightHand_AnimBP.uasset" 282
"../../../CardShop/Content/VirtualRealityBP/Blueprints/PickupActorInterface.uasset" 283
"../../../CardShop/Content/VirtualRealityBP/Blueprints/MotionControllerHaptics.uasset" 284
"../../../Engine/Content/Functions/Engine_MaterialFunctions01/Texturing/ScaleUVsByCenter.uasset" 285
"../../../Engine/Content/Functions/Engine_MaterialFunctions02/ScreenResolution.uasset" 286
"../../../Engine/Content/Functions/Engine_MaterialFunctions02/Texturing/ScreenAlignedUVs.uasset" 287
"../../../Engine/Content/Functions/Engine_MaterialFunctions02/Utility/CameraDirectionVector.uasset" 288
"../../../Engine/Content/Functions/Engine_MaterialFunctions02/Utility/DepthFromWorldPosition.uasset" 289
"../../../CardShop/Content/VirtualReality/Materials/MF_OccludedPixels.uasset" 290
"../../../CardShop/Content/VirtualReality/Materials/TeleportMCP.uasset" 291
"../../../Engine/Content/EngineMaterials/Good64x64TilingNoiseHighFreq.uasset" 292
"../../../CardShop/Content/VirtualReality/Materials/M_ArcEndpoint.uasset" 293
"../../../CardShop/Content/VirtualReality/Materials/M_SplineArcMat.uasset" 294
"../../../CardShop/Content/VirtualReality/Materials/M_TeleportPreviews.uasset" 295
"../../../CardShop/Content/VirtualReality/Materials/MI_ChaperoneOutline.uasset" 296
"../../../CardShop/Content/VirtualReality/Materials/MI_TeleportCylinderPreview.uasset" 297
"../../../Engine/Content/BasicShapes/Cylinder.uasset" 298
"../../../Engine/Content/BasicShapes/Sphere.uasset" 299
"../../../CardShop/Content/VirtualReality/Mannequin/Character/Textures/UE4_Mannequin__normals.uasset" 300
"../../../CardShop/Content/VirtualReality/Mannequin/Character/Textures/UE4_Mannequin_MAT_MASKA.uasset" 301
"../../../CardShop/Content/VirtualReality/Mannequin/Character/Materials/M_HandMat.uasset" 302
"../../../CardShop/Content/VirtualReality/Mannequin/Character/Mesh/MannequinHand_Right_PhysicsAsset.uasset" 303
"../../../CardShop/Content/VirtualReality/Mannequin/Character/Mesh/MannequinHand_Right.uasset" 304
"../../../CardShop/Content/VirtualReality/Meshes/1x1_cube.uasset" 305
"../../../CardShop/Content/VirtualReality/Meshes/BeaconDirection.uasset" 306
"../../../CardShop/Content/VirtualReality/Meshes/BeamMesh.uasset" 307
"../../../CardShop/Content/VirtualReality/Meshes/SM_FatCylinder.uasset" 308
"../../../CardShop/Content/VirtualRealityBP/Blueprints/BP_MotionController.uasset" 309
"../../../CardShop/Content/VirtualReality/Materials/GenericHMDMaterial.uasset" 310
"../../../CardShop/Content/VirtualReality/Meshes/GenericHMD.uasset" 311
"../../../CardShop/Content/VirtualRealityBP/Blueprints/MotionControllerPawn.uasset" 312
"../../../CardShop/Content/Blueprints/Lobby/LobbyGMM.uasset" 313
"../../../CardShop/Content/VirtualRealityBP/Blueprints/BP_BasePickup.uasset" 314
"../../../CardShop/Content/Textures/Pepe/CHYNAPEPE_FINAL.uasset" 315
"../../../CardShop/Content/Textures/Pepe/CHYNAPEPE_FINAL_Mat.uasset" 316
"../../../CardShop/Content/Geometry/Meshes/Card.uasset" 317
"../../../CardShop/Content/VirtualRealityBP/Blueprints/BP_PickupCard.uasset" 318
"../../../CardShop/Content/Textures/Pepe/gadsenpepe.uasset" 319
"../../../CardShop/Content/Textures/Pepe/gadsenpepe_Mat.uasset" 320
"../../../CardShop/Content/Textures/Pepe/hanpepe.uasset" 321
"../../../CardShop/Content/Textures/Pepe/hanpepe_Mat.uasset" 322
"../../../CardShop/Content/Textures/Pepe/jongpepe.uasset" 323
"../../../CardShop/Content/Textures/Pepe/jongpepe_Mat.uasset" 324
"../../../CardShop/Content/Textures/Pepe/princesspepe.uasset" 325
"../../../CardShop/Content/Textures/Pepe/princesspepe_Mat.uasset" 326
"../../../CardShop/Content/Textures/Pepe/rickandpepe.uasset" 327
"../../../CardShop/Content/Textures/Pepe/rickandpepe_Mat.uasset" 328
"../../../CardShop/Content/Geometry/Meshes/DisplayCase.uasset" 329
"../../../CardShop/Content/DisplayCase_Blueprint.uasset" 330
"../../../Engine/Content/BasicShapes/Plane.uasset" 331
"../../../CardShop/Content/Geometry/BluePrints/Card_Blueprint.uasset" 332
"../../../CardShop/Content/VirtualRealityBP/Blueprints/BP_RandomBox.uasset" 333
"../../../CardShop/Content/mAPS/CardShopMain_BuiltData.uasset" 334
"../../../CardShop/Content/StarterContent/Textures/T_Concrete_Tiles_D.uasset" 335
"../../../CardShop/Content/StarterContent/Textures/T_Concrete_Tiles_M.uasset" 336
"../../../CardShop/Content/StarterContent/Textures/T_Concrete_Tiles_N.uasset" 337
"../../../CardShop/Content/StarterContent/Textures/T_Concrete_Tiles_Variation_M.uasset" 338
"../../../CardShop/Content/StarterContent/Textures/T_MacroVariation.uasset" 339
"../../../CardShop/Content/StarterContent/Materials/M_Concrete_Tiles.uasset" 340
"../../../CardShop/Content/StarterContent/Textures/T_Metal_Gold_N.uasset" 341
"../../../CardShop/Content/StarterContent/Textures/T_Perlin_Noise_M.uasset" 342
"../../../CardShop/Content/StarterContent/Textures/T_Rock_Marble_Polished_D.uasset" 343
"../../../CardShop/Content/StarterContent/Materials/M_Rock_Marble_Polished.uasset" 344
"../../../CardShop/Content/VirtualReality/Materials/M_BaseMaterial.uasset" 345
"../../../CardShop/Content/VirtualReality/Materials/MI_BaseMaterial2.uasset" 346
"../../../CardShop/Content/VirtualReality/Materials/MI_BaseMaterial3.uasset" 347
"../../../CardShop/Content/StarterContent/Textures/T_TableRound_M.uasset" 348
"../../../CardShop/Content/StarterContent/Textures/T_TableRound_N.uasset" 349
"../../../CardShop/Content/StarterContent/Props/Materials/M_TableRound.uasset" 350
"../../../CardShop/Content/StarterContent/Props/SM_TableRound.uasset" 351
"../../../CardShop/Content/mAPS/CardShopMain.umap" 352
"../../../Engine/Content/MapTemplates/SM_Template_Map_Floor.uasset" 353
"../../../CardShop/Content/mAPS/Lobby.umap" 354
"../../../CardShop/Content/Mannequin/Character/Textures/UE4_LOGO_CARD.uasset" 355
"../../../CardShop/Content/UI/MainMenu/OPtionsMenu.uasset" 356
"../../../CardShop/Content/UI/AllLevels/LoadingScreen.uasset" 357
"../../../CardShop/Content/UI/MainMenu/HostMenu.uasset" 358
"../../../CardShop/Content/UI/MainMenu/MainMenu.uasset" 359
"../../../CardShop/Content/UI/MainMenu/ServerMenu.uasset" 360
"../../../CardShop/Content/Blueprints/AllLevels/GameInfoInstance.uasset" 361
"../../../CardShop/Content/mAPS/MainMenu.umap" 362
"../../../CardShop/Content/mAPS/TravelMap.umap" 363
